<?xml version="1.0" encoding="UTF-8"?>
<!-- Generated by org.testng.reporters.JUnitXMLReporter -->
<testsuite ignored="5" hostname="LAPTOP-IEDOFH3F" failures="0" tests="1" name="Default test" time="16.074" errors="0" timestamp="2024-02-21T00:10:21 CST">
  <testcase classname="Com.SalesForce.Pages.LoginPage" name="LoginTOSFDC" time="11.846"/>
  <testcase classname="Com.SalesForce.Pages.LoginPage" name="RememberUsername" time="0.0">
    <ignored/>
  </testcase> <!-- RememberUsername -->
  <testcase classname="Com.SalesForce.Pages.LoginPage" name="ForgotPassword" time="0.0">
    <ignored/>
  </testcase> <!-- ForgotPassword -->
  <testcase classname="Com.SalesForce.Pages.LoginPage" name="VerifyLogout" time="0.0">
    <ignored/>
  </testcase> <!-- VerifyLogout -->
  <testcase classname="Com.SalesForce.Pages.LoginPage" name="NavigationTOSFDC" time="0.0">
    <ignored/>
  </testcase> <!-- NavigationTOSFDC -->
  <testcase classname="Com.SalesForce.Pages.LoginPage" name="EnterWrongUsernameandPassword" time="0.0">
    <ignored/>
  </testcase> <!-- EnterWrongUsernameandPassword -->
</testsuite> <!-- Default test -->
